Performing C SOURCE FILE Test CMAKE_HAVE_LIBC_PTHREAD failed with the following output:
Change Dir: /mnt/linux_Storage/Coding/allegro5Engine/CMakeFiles/CMakeTmp

Run Build Command(s):/usr/bin/make -f Makefile cmTC_ce987/fast && /usr/bin/make  -f CMakeFiles/cmTC_ce987.dir/build.make CMakeFiles/cmTC_ce987.dir/build
make[1]: Entering directory '/mnt/linux_Storage/Coding/allegro5Engine/CMakeFiles/CMakeTmp'
Building C object CMakeFiles/cmTC_ce987.dir/src.c.o
/usr/bin/cc -DCMAKE_HAVE_LIBC_PTHREAD   -o CMakeFiles/cmTC_ce987.dir/src.c.o -c /mnt/linux_Storage/Coding/allegro5Engine/CMakeFiles/CMakeTmp/src.c
Linking C executable cmTC_ce987
/usr/bin/cmake -E cmake_link_script CMakeFiles/cmTC_ce987.dir/link.txt --verbose=1
/usr/bin/cc -rdynamic CMakeFiles/cmTC_ce987.dir/src.c.o -o cmTC_ce987 
/usr/bin/ld: CMakeFiles/cmTC_ce987.dir/src.c.o: in function `main':
src.c:(.text+0x3e): undefined reference to `pthread_create'
/usr/bin/ld: src.c:(.text+0x4a): undefined reference to `pthread_detach'
/usr/bin/ld: src.c:(.text+0x56): undefined reference to `pthread_cancel'
/usr/bin/ld: src.c:(.text+0x67): undefined reference to `pthread_join'
collect2: error: ld returned 1 exit status
make[1]: *** [CMakeFiles/cmTC_ce987.dir/build.make:99: cmTC_ce987] Error 1
make[1]: Leaving directory '/mnt/linux_Storage/Coding/allegro5Engine/CMakeFiles/CMakeTmp'
make: *** [Makefile:127: cmTC_ce987/fast] Error 2


Source file was:
#include <pthread.h>

static void* test_func(void* data)
{
  return data;
}

int main(void)
{
  pthread_t thread;
  pthread_create(&thread, NULL, test_func, NULL);
  pthread_detach(thread);
  pthread_cancel(thread);
  pthread_join(thread, NULL);
  pthread_atfork(NULL, NULL, NULL);
  pthread_exit(NULL);

  return 0;
}

Determining if the function pthread_create exists in the pthreads failed with the following output:
Change Dir: /mnt/linux_Storage/Coding/allegro5Engine/CMakeFiles/CMakeTmp

Run Build Command(s):/usr/bin/make -f Makefile cmTC_bf517/fast && /usr/bin/make  -f CMakeFiles/cmTC_bf517.dir/build.make CMakeFiles/cmTC_bf517.dir/build
make[1]: Entering directory '/mnt/linux_Storage/Coding/allegro5Engine/CMakeFiles/CMakeTmp'
Building C object CMakeFiles/cmTC_bf517.dir/CheckFunctionExists.c.o
/usr/bin/cc   -DCHECK_FUNCTION_EXISTS=pthread_create -o CMakeFiles/cmTC_bf517.dir/CheckFunctionExists.c.o -c /usr/share/cmake-3.20/Modules/CheckFunctionExists.c
Linking C executable cmTC_bf517
/usr/bin/cmake -E cmake_link_script CMakeFiles/cmTC_bf517.dir/link.txt --verbose=1
/usr/bin/cc  -DCHECK_FUNCTION_EXISTS=pthread_create -rdynamic CMakeFiles/cmTC_bf517.dir/CheckFunctionExists.c.o -o cmTC_bf517  -lpthreads 
/usr/bin/ld: cannot find -lpthreads
collect2: error: ld returned 1 exit status
make[1]: *** [CMakeFiles/cmTC_bf517.dir/build.make:99: cmTC_bf517] Error 1
make[1]: Leaving directory '/mnt/linux_Storage/Coding/allegro5Engine/CMakeFiles/CMakeTmp'
make: *** [Makefile:127: cmTC_bf517/fast] Error 2



